<?xml version="1.0" encoding="UTF-8"?>
<!-- Generated by org.testng.reporters.JUnitReportReporter -->
<testsuite skipped="0" hostname="Manju" name="com.qa.Testcases.TC_04_DealsCRM" tests="1" failures="0" timestamp="05 Jun 2020 19:25:33 GMT" time="14.576" errors="0">
  <testcase name="Dealspage" time="14.576" classname="com.qa.Testcases.TC_04_DealsCRM"/>
</testsuite> <!-- com.qa.Testcases.TC_04_DealsCRM -->
