<?xml version="1.0" encoding="UTF-8"?>
<!-- Generated by org.testng.reporters.JUnitReportReporter -->
<testsuite skipped="0" hostname="Manju" name="com.qa.Testcases.TC_01_LoginCRM" tests="1" failures="0" timestamp="05 Jun 2020 18:36:13 GMT" time="16.509" errors="0">
  <testcase name="login" time="16.509" classname="com.qa.Testcases.TC_01_LoginCRM"/>
</testsuite> <!-- com.qa.Testcases.TC_01_LoginCRM -->
